2025-02-26 15:21:12,419 - modules.app_core - INFO - SessionManager initialized
2025-02-26 15:21:12,419 - __main__ - INFO - Application Paths:
2025-02-26 15:21:12,419 - __main__ - INFO - APP_FILES_DIR: C:\Users\wendt\Desktop\pca_project\app_files
2025-02-26 15:21:12,419 - __main__ - INFO - BASE_OUTPUT_DIR: C:\Users\wendt\Desktop\pca_project\outputs
2025-02-26 15:21:12,419 - __main__ - INFO - LOG_FILE: C:\Users\wendt\Desktop\pca_project\app_files\app.log
2025-02-26 15:21:12,419 - __main__ - INFO - Configuring static directories:
2025-02-26 15:21:12,419 - __main__ - INFO -   /www: C:\Users\wendt\Desktop\pca_project\app_files\www
2025-02-26 15:21:12,419 - __main__ - INFO -   /outputs: C:\Users\wendt\Desktop\pca_project\outputs
2025-02-26 15:21:12,467 - __main__ - INFO - Starting server with ALL reload mechanisms disabled
2025-02-26 15:21:59,163 - modules.app_core - INFO - SessionManager initialized
2025-02-26 15:21:59,163 - __main__ - INFO - Application Paths:
2025-02-26 15:21:59,163 - __main__ - INFO - APP_FILES_DIR: C:\Users\wendt\Desktop\pca_project\app_files
2025-02-26 15:21:59,163 - __main__ - INFO - BASE_OUTPUT_DIR: C:\Users\wendt\Desktop\pca_project\outputs
2025-02-26 15:21:59,163 - __main__ - INFO - LOG_FILE: C:\Users\wendt\Desktop\pca_project\app_files\app.log
2025-02-26 15:21:59,163 - __main__ - INFO - Configuring static directories:
2025-02-26 15:21:59,163 - __main__ - INFO -   /www: C:\Users\wendt\Desktop\pca_project\app_files\www
2025-02-26 15:21:59,163 - __main__ - INFO -   /outputs: C:\Users\wendt\Desktop\pca_project\outputs
2025-02-26 15:21:59,193 - __main__ - INFO - Starting server with ALL reload mechanisms disabled
2025-02-26 15:24:30,346 - modules.app_core - INFO - SessionManager initialized
2025-02-26 15:24:30,346 - __main__ - INFO - Application Paths:
2025-02-26 15:24:30,346 - __main__ - INFO - APP_FILES_DIR: C:\Users\wendt\Desktop\pca_project\app_files
2025-02-26 15:24:30,346 - __main__ - INFO - BASE_OUTPUT_DIR: C:\Users\wendt\Desktop\pca_project\outputs
2025-02-26 15:24:30,346 - __main__ - INFO - LOG_FILE: C:\Users\wendt\Desktop\pca_project\app_files\app.log
2025-02-26 15:24:30,346 - __main__ - INFO - Configuring static directories:
2025-02-26 15:24:30,346 - __main__ - INFO -   /www: C:\Users\wendt\Desktop\pca_project\app_files\www
2025-02-26 15:24:30,346 - __main__ - INFO -   /outputs: C:\Users\wendt\Desktop\pca_project\outputs
2025-02-26 15:24:30,378 - __main__ - INFO - Starting server with ALL reload mechanisms disabled
2025-02-26 15:25:25,704 - modules.app_core - INFO - SessionManager initialized
2025-02-26 15:25:25,708 - __main__ - INFO - Application Paths:
2025-02-26 15:25:25,708 - __main__ - INFO - APP_FILES_DIR: C:\Users\wendt\Desktop\pca_project\app_files
2025-02-26 15:25:25,708 - __main__ - INFO - BASE_OUTPUT_DIR: C:\Users\wendt\Desktop\pca_project\outputs
2025-02-26 15:25:25,708 - __main__ - INFO - LOG_FILE: C:\Users\wendt\Desktop\pca_project\app_files\app.log
2025-02-26 15:25:25,708 - __main__ - INFO - Configuring static directories:
2025-02-26 15:25:25,709 - __main__ - INFO -   /www: C:\Users\wendt\Desktop\pca_project\app_files\www
2025-02-26 15:25:25,709 - __main__ - INFO -   /outputs: C:\Users\wendt\Desktop\pca_project\outputs
2025-02-26 15:25:25,750 - __main__ - INFO - Starting server with ALL reload mechanisms disabled
2025-02-26 15:34:26,166 - modules.app_core - INFO - SessionManager initialized
2025-02-26 15:34:26,166 - __main__ - INFO - Application Paths:
2025-02-26 15:34:26,166 - __main__ - INFO - APP_FILES_DIR: C:\Users\wendt\Desktop\pca_project\app_files
2025-02-26 15:34:26,166 - __main__ - INFO - BASE_OUTPUT_DIR: C:\Users\wendt\Desktop\pca_project\outputs
2025-02-26 15:34:26,166 - __main__ - INFO - LOG_FILE: C:\Users\wendt\Desktop\pca_project\app_files\app.log
2025-02-26 15:34:26,166 - __main__ - INFO - Configuring static directories:
2025-02-26 15:34:26,166 - __main__ - INFO -   /www: C:\Users\wendt\Desktop\pca_project\app_files\www
2025-02-26 15:34:26,166 - __main__ - INFO -   /outputs: C:\Users\wendt\Desktop\pca_project\outputs
2025-02-26 15:34:26,208 - __main__ - INFO - Starting server with ALL reload mechanisms disabled
2025-02-26 15:47:59,790 - modules.app_core - INFO - SessionManager initialized
2025-02-26 15:47:59,790 - app_files.app - INFO - Application Paths:
2025-02-26 15:47:59,790 - app_files.app - INFO - APP_FILES_DIR: C:\Users\wendt\Desktop\pca_project\app_files
2025-02-26 15:47:59,790 - app_files.app - INFO - BASE_OUTPUT_DIR: C:\Users\wendt\Desktop\pca_project\outputs
2025-02-26 15:47:59,790 - app_files.app - INFO - LOG_FILE: C:\Users\wendt\Desktop\pca_project\app_files\app.log
2025-02-26 15:47:59,790 - app_files.app - INFO - Configuring static directories:
2025-02-26 15:47:59,790 - app_files.app - INFO -   /www: C:\Users\wendt\Desktop\pca_project\app_files\www
2025-02-26 15:47:59,790 - app_files.app - INFO -   /outputs: C:\Users\wendt\Desktop\pca_project\outputs
2025-02-26 15:50:39,741 - modules.app_core - INFO - SessionManager initialized
2025-02-26 15:50:39,741 - app_files.app - INFO - Application Paths:
2025-02-26 15:50:39,741 - app_files.app - INFO - APP_FILES_DIR: C:\Users\wendt\Desktop\pca_project\app_files
2025-02-26 15:50:39,741 - app_files.app - INFO - BASE_OUTPUT_DIR: C:\Users\wendt\Desktop\pca_project\outputs
2025-02-26 15:50:39,741 - app_files.app - INFO - LOG_FILE: C:\Users\wendt\Desktop\pca_project\app_files\app.log
2025-02-26 15:50:39,741 - app_files.app - INFO - Configuring static directories:
2025-02-26 15:50:39,741 - app_files.app - INFO -   /www: C:\Users\wendt\Desktop\pca_project\app_files\www
2025-02-26 15:50:39,741 - app_files.app - INFO -   /outputs: C:\Users\wendt\Desktop\pca_project\outputs
2025-02-26 15:50:41,245 - app_files.app - INFO - New session started: e610052b63dd5d8ce8c7146ca2033c1b5f139de06277346453adc072fb1df95c
